<?xml version="1.0" encoding="UTF-8" ?>
<testsuite tests="1" failures="0" name="com.soecode.lyf.BaseTest" time="0.138" errors="1" skipped="0">
  <properties>
    <property name="java.runtime.name" value="Java(TM) SE Runtime Environment"/>
    <property name="sun.boot.library.path" value="C:\Program Files\Java\jdk1.8.0_77\jre\bin"/>
    <property name="java.vm.version" value="25.77-b03"/>
    <property name="java.vm.vendor" value="Oracle Corporation"/>
    <property name="java.vendor.url" value="http://java.oracle.com/"/>
    <property name="path.separator" value=";"/>
    <property name="java.vm.name" value="Java HotSpot(TM) 64-Bit Server VM"/>
    <property name="file.encoding.pkg" value="sun.io"/>
    <property name="user.script" value=""/>
    <property name="user.country" value="CN"/>
    <property name="sun.java.launcher" value="SUN_STANDARD"/>
    <property name="sun.os.patch.level" value=""/>
    <property name="java.vm.specification.name" value="Java Virtual Machine Specification"/>
    <property name="user.dir" value="C:\Users\10919\Workspaces\MyEclipse Professional 2014\ssm"/>
    <property name="java.runtime.version" value="1.8.0_77-b03"/>
    <property name="java.awt.graphicsenv" value="sun.awt.Win32GraphicsEnvironment"/>
    <property name="basedir" value="C:\Users\10919\Workspaces\MyEclipse Professional 2014\ssm"/>
    <property name="java.endorsed.dirs" value="C:\Program Files\Java\jdk1.8.0_77\jre\lib\endorsed"/>
    <property name="os.arch" value="amd64"/>
    <property name="surefire.real.class.path" value="C:\Users\10919\Workspaces\MyEclipse Professional 2014\ssm\target\surefire\surefirebooter3381652421205005551.jar"/>
    <property name="java.io.tmpdir" value="C:\Users\10919\AppData\Local\Temp\"/>
    <property name="line.separator" value="
"/>
    <property name="java.vm.specification.vendor" value="Oracle Corporation"/>
    <property name="user.variant" value=""/>
    <property name="os.name" value="Windows 10"/>
    <property name="sun.jnu.encoding" value="GBK"/>
    <property name="java.library.path" value="C:\Program Files\Java\jdk1.8.0_77\jre\bin;C:\WINDOWS\Sun\Java\bin;C:\WINDOWS\system32;C:\WINDOWS;C:\Program Files (x86)\Common Files\Intel\Shared Files\cpp\bin\Intel64;C:\ProgramData\Oracle\Java\javapath;C:\WINDOWS\system32;C:\WINDOWS;C:\WINDOWS\System32\Wbem;C:\WINDOWS\System32\WindowsPowerShell\v1.0\;C:\Program Files\Java\jdk1.8.0_77\bin;C:\ProgramData\Oracle\Java\javapath;C:\WINDOWS\system32;C:\WINDOWS;C:\WINDOWS\System32\Wbem;C:\WINDOWS\System32\WindowsPowerShell\v1.0\;C:\Program Files\Java\jdk1.8.0_77\bin;C:\ProgramData\Oracle\Java\javapath;C:\WINDOWS\system32;C:\WINDOWS;C:\WINDOWS\System32\Wbem;C:\WINDOWS\System32\WindowsPowerShell\v1.0\;C:\Program Files\Java\jdk1.8.0_77\bin;C:\Program Files (x86)\Common Files\Intel\Shared Files\cpp\bin\Intel64;C:\ProgramData\Oracle\Java\javapath;C:\WINDOWS\system32;C:\WINDOWS;C:\WINDOWS\System32\Wbem;C:\WINDOWS\System32\WindowsPowerShell\v1.0\;C:\Program Files\Java\jdk1.8.0_77\bin;C:\ProgramData\Oracle\Java\javapath;C:\WINDOWS\system32;C:\WINDOWS;C:\WINDOWS\System32\Wbem;C:\WINDOWS\System32\WindowsPowerShell\v1.0\;C:\Program Files\Java\jdk1.8.0_77\bin;C:\ProgramData\Oracle\Java\javapath;C:\WINDOWS\system32;C:\WINDOWS;C:\WINDOWS\System32\Wbem;C:\WINDOWS\System32\WindowsPowerShell\v1.0\;C:\Program Files\Java\jdk1.8.0_77\bin;%Path%;C:\Program Files (x86)\MyDrivers\DriverGenius;C:\Program Files (x86)\MyDrivers\DriverGenius\ksoft;C:\Program Files (x86)\NVIDIA Corporation\PhysX\Common;C:\Program Files (x86)\Common Files\Acronis\SnapAPI\;D:\apache-maven-3.3.9\bin;C:\Program Files (x86)\MyDrivers\DriverGenius;C:\Program Files (x86)\MyDrivers\DriverGenius\ksoft;C:\Program Files (x86)\NVIDIA Corporation\PhysX\Common;C:\Program Files (x86)\Common Files\Acronis\SnapAPI\;D:\apache-maven-3.3.9\bin;."/>
    <property name="surefire.test.class.path" value="C:\Users\10919\Workspaces\MyEclipse Professional 2014\ssm\target\test-classes;C:\Users\10919\Workspaces\MyEclipse Professional 2014\ssm\target\classes;D:\MavenRepository\repo\junit\junit\4.11\junit-4.11.jar;D:\MavenRepository\repo\org\hamcrest\hamcrest-core\1.3\hamcrest-core-1.3.jar;D:\MavenRepository\repo\ch\qos\logback\logback-classic\1.1.1\logback-classic-1.1.1.jar;D:\MavenRepository\repo\ch\qos\logback\logback-core\1.1.1\logback-core-1.1.1.jar;D:\MavenRepository\repo\org\slf4j\slf4j-api\1.7.6\slf4j-api-1.7.6.jar;D:\MavenRepository\repo\mysql\mysql-connector-java\5.1.37\mysql-connector-java-5.1.37.jar;D:\MavenRepository\repo\c3p0\c3p0\0.9.1.2\c3p0-0.9.1.2.jar;D:\MavenRepository\repo\org\mybatis\mybatis\3.3.0\mybatis-3.3.0.jar;D:\MavenRepository\repo\org\mybatis\mybatis-spring\1.2.3\mybatis-spring-1.2.3.jar;D:\MavenRepository\repo\taglibs\standard\1.1.2\standard-1.1.2.jar;D:\MavenRepository\repo\jstl\jstl\1.2\jstl-1.2.jar;D:\MavenRepository\repo\com\fasterxml\jackson\core\jackson-databind\2.5.4\jackson-databind-2.5.4.jar;D:\MavenRepository\repo\com\fasterxml\jackson\core\jackson-annotations\2.5.0\jackson-annotations-2.5.0.jar;D:\MavenRepository\repo\com\fasterxml\jackson\core\jackson-core\2.5.4\jackson-core-2.5.4.jar;D:\MavenRepository\repo\javax\servlet\javax.servlet-api\3.1.0\javax.servlet-api-3.1.0.jar;D:\MavenRepository\repo\org\springframework\spring-core\4.1.7.RELEASE\spring-core-4.1.7.RELEASE.jar;D:\MavenRepository\repo\commons-logging\commons-logging\1.2\commons-logging-1.2.jar;D:\MavenRepository\repo\org\springframework\spring-beans\4.1.7.RELEASE\spring-beans-4.1.7.RELEASE.jar;D:\MavenRepository\repo\org\springframework\spring-context\4.1.7.RELEASE\spring-context-4.1.7.RELEASE.jar;D:\MavenRepository\repo\org\springframework\spring-aop\4.1.7.RELEASE\spring-aop-4.1.7.RELEASE.jar;D:\MavenRepository\repo\aopalliance\aopalliance\1.0\aopalliance-1.0.jar;D:\MavenRepository\repo\org\springframework\spring-expression\4.1.7.RELEASE\spring-expression-4.1.7.RELEASE.jar;D:\MavenRepository\repo\org\springframework\spring-jdbc\4.1.7.RELEASE\spring-jdbc-4.1.7.RELEASE.jar;D:\MavenRepository\repo\org\springframework\spring-tx\4.1.7.RELEASE\spring-tx-4.1.7.RELEASE.jar;D:\MavenRepository\repo\org\springframework\spring-web\4.1.7.RELEASE\spring-web-4.1.7.RELEASE.jar;D:\MavenRepository\repo\org\springframework\spring-webmvc\4.1.7.RELEASE\spring-webmvc-4.1.7.RELEASE.jar;D:\MavenRepository\repo\org\springframework\spring-test\4.1.7.RELEASE\spring-test-4.1.7.RELEASE.jar;D:\MavenRepository\repo\redis\clients\jedis\2.7.3\jedis-2.7.3.jar;D:\MavenRepository\repo\org\apache\commons\commons-pool2\2.3\commons-pool2-2.3.jar;D:\MavenRepository\repo\com\dyuproject\protostuff\protostuff-core\1.0.8\protostuff-core-1.0.8.jar;D:\MavenRepository\repo\com\dyuproject\protostuff\protostuff-api\1.0.8\protostuff-api-1.0.8.jar;D:\MavenRepository\repo\com\dyuproject\protostuff\protostuff-runtime\1.0.8\protostuff-runtime-1.0.8.jar;D:\MavenRepository\repo\com\dyuproject\protostuff\protostuff-collectionschema\1.0.8\protostuff-collectionschema-1.0.8.jar;D:\MavenRepository\repo\commons-collections\commons-collections\3.2\commons-collections-3.2.jar;D:\MavenRepository\repo\org\apache\maven\plugins\maven-surefire-plugin\2.17\maven-surefire-plugin-2.17.jar;D:\MavenRepository\repo\org\apache\maven\maven-plugin-api\2.0.9\maven-plugin-api-2.0.9.jar;D:\MavenRepository\repo\org\apache\maven\surefire\maven-surefire-common\2.17\maven-surefire-common-2.17.jar;D:\MavenRepository\repo\org\apache\maven\surefire\surefire-booter\2.17\surefire-booter-2.17.jar;D:\MavenRepository\repo\org\apache\maven\maven-artifact\2.0.9\maven-artifact-2.0.9.jar;D:\MavenRepository\repo\org\codehaus\plexus\plexus-utils\1.5.1\plexus-utils-1.5.1.jar;D:\MavenRepository\repo\org\apache\maven\maven-plugin-descriptor\2.0.9\maven-plugin-descriptor-2.0.9.jar;D:\MavenRepository\repo\org\codehaus\plexus\plexus-container-default\1.0-alpha-9-stable-1\plexus-container-default-1.0-alpha-9-stable-1.jar;D:\MavenRepository\repo\org\apache\maven\maven-project\2.0.9\maven-project-2.0.9.jar;D:\MavenRepository\repo\org\apache\maven\maven-settings\2.0.9\maven-settings-2.0.9.jar;D:\MavenRepository\repo\org\apache\maven\maven-profile\2.0.9\maven-profile-2.0.9.jar;D:\MavenRepository\repo\org\apache\maven\maven-artifact-manager\2.0.9\maven-artifact-manager-2.0.9.jar;D:\MavenRepository\repo\org\apache\maven\maven-plugin-registry\2.0.9\maven-plugin-registry-2.0.9.jar;D:\MavenRepository\repo\org\apache\maven\maven-model\2.0.9\maven-model-2.0.9.jar;D:\MavenRepository\repo\org\apache\maven\maven-core\2.0.9\maven-core-2.0.9.jar;D:\MavenRepository\repo\org\apache\maven\maven-plugin-parameter-documenter\2.0.9\maven-plugin-parameter-documenter-2.0.9.jar;D:\MavenRepository\repo\org\apache\maven\reporting\maven-reporting-api\2.0.9\maven-reporting-api-2.0.9.jar;D:\MavenRepository\repo\org\apache\maven\wagon\wagon-provider-api\1.0-beta-2\wagon-provider-api-1.0-beta-2.jar;D:\MavenRepository\repo\org\apache\maven\maven-repository-metadata\2.0.9\maven-repository-metadata-2.0.9.jar;D:\MavenRepository\repo\org\apache\maven\maven-error-diagnostics\2.0.9\maven-error-diagnostics-2.0.9.jar;D:\MavenRepository\repo\org\apache\maven\maven-monitor\2.0.9\maven-monitor-2.0.9.jar;D:\MavenRepository\repo\classworlds\classworlds\1.1\classworlds-1.1.jar;D:\MavenRepository\repo\org\apache\commons\commons-lang3\3.1\commons-lang3-3.1.jar;D:\MavenRepository\repo\org\apache\maven\surefire\surefire-api\2.17\surefire-api-2.17.jar;D:\MavenRepository\repo\org\apache\maven\maven-toolchain\2.0.9\maven-toolchain-2.0.9.jar;D:\MavenRepository\repo\org\apache\maven\plugin-tools\maven-plugin-annotations\3.2\maven-plugin-annotations-3.2.jar;"/>
    <property name="java.specification.name" value="Java Platform API Specification"/>
    <property name="java.class.version" value="52.0"/>
    <property name="sun.management.compiler" value="HotSpot 64-Bit Tiered Compilers"/>
    <property name="os.version" value="10.0"/>
    <property name="user.home" value="C:\Users\10919"/>
    <property name="user.timezone" value=""/>
    <property name="java.awt.printerjob" value="sun.awt.windows.WPrinterJob"/>
    <property name="java.specification.version" value="1.8"/>
    <property name="file.encoding" value="UTF-8"/>
    <property name="user.name" value="10919"/>
    <property name="java.class.path" value="C:\Users\10919\Workspaces\MyEclipse Professional 2014\ssm\target\test-classes;C:\Users\10919\Workspaces\MyEclipse Professional 2014\ssm\target\classes;D:\MavenRepository\repo\junit\junit\4.11\junit-4.11.jar;D:\MavenRepository\repo\org\hamcrest\hamcrest-core\1.3\hamcrest-core-1.3.jar;D:\MavenRepository\repo\ch\qos\logback\logback-classic\1.1.1\logback-classic-1.1.1.jar;D:\MavenRepository\repo\ch\qos\logback\logback-core\1.1.1\logback-core-1.1.1.jar;D:\MavenRepository\repo\org\slf4j\slf4j-api\1.7.6\slf4j-api-1.7.6.jar;D:\MavenRepository\repo\mysql\mysql-connector-java\5.1.37\mysql-connector-java-5.1.37.jar;D:\MavenRepository\repo\c3p0\c3p0\0.9.1.2\c3p0-0.9.1.2.jar;D:\MavenRepository\repo\org\mybatis\mybatis\3.3.0\mybatis-3.3.0.jar;D:\MavenRepository\repo\org\mybatis\mybatis-spring\1.2.3\mybatis-spring-1.2.3.jar;D:\MavenRepository\repo\taglibs\standard\1.1.2\standard-1.1.2.jar;D:\MavenRepository\repo\jstl\jstl\1.2\jstl-1.2.jar;D:\MavenRepository\repo\com\fasterxml\jackson\core\jackson-databind\2.5.4\jackson-databind-2.5.4.jar;D:\MavenRepository\repo\com\fasterxml\jackson\core\jackson-annotations\2.5.0\jackson-annotations-2.5.0.jar;D:\MavenRepository\repo\com\fasterxml\jackson\core\jackson-core\2.5.4\jackson-core-2.5.4.jar;D:\MavenRepository\repo\javax\servlet\javax.servlet-api\3.1.0\javax.servlet-api-3.1.0.jar;D:\MavenRepository\repo\org\springframework\spring-core\4.1.7.RELEASE\spring-core-4.1.7.RELEASE.jar;D:\MavenRepository\repo\commons-logging\commons-logging\1.2\commons-logging-1.2.jar;D:\MavenRepository\repo\org\springframework\spring-beans\4.1.7.RELEASE\spring-beans-4.1.7.RELEASE.jar;D:\MavenRepository\repo\org\springframework\spring-context\4.1.7.RELEASE\spring-context-4.1.7.RELEASE.jar;D:\MavenRepository\repo\org\springframework\spring-aop\4.1.7.RELEASE\spring-aop-4.1.7.RELEASE.jar;D:\MavenRepository\repo\aopalliance\aopalliance\1.0\aopalliance-1.0.jar;D:\MavenRepository\repo\org\springframework\spring-expression\4.1.7.RELEASE\spring-expression-4.1.7.RELEASE.jar;D:\MavenRepository\repo\org\springframework\spring-jdbc\4.1.7.RELEASE\spring-jdbc-4.1.7.RELEASE.jar;D:\MavenRepository\repo\org\springframework\spring-tx\4.1.7.RELEASE\spring-tx-4.1.7.RELEASE.jar;D:\MavenRepository\repo\org\springframework\spring-web\4.1.7.RELEASE\spring-web-4.1.7.RELEASE.jar;D:\MavenRepository\repo\org\springframework\spring-webmvc\4.1.7.RELEASE\spring-webmvc-4.1.7.RELEASE.jar;D:\MavenRepository\repo\org\springframework\spring-test\4.1.7.RELEASE\spring-test-4.1.7.RELEASE.jar;D:\MavenRepository\repo\redis\clients\jedis\2.7.3\jedis-2.7.3.jar;D:\MavenRepository\repo\org\apache\commons\commons-pool2\2.3\commons-pool2-2.3.jar;D:\MavenRepository\repo\com\dyuproject\protostuff\protostuff-core\1.0.8\protostuff-core-1.0.8.jar;D:\MavenRepository\repo\com\dyuproject\protostuff\protostuff-api\1.0.8\protostuff-api-1.0.8.jar;D:\MavenRepository\repo\com\dyuproject\protostuff\protostuff-runtime\1.0.8\protostuff-runtime-1.0.8.jar;D:\MavenRepository\repo\com\dyuproject\protostuff\protostuff-collectionschema\1.0.8\protostuff-collectionschema-1.0.8.jar;D:\MavenRepository\repo\commons-collections\commons-collections\3.2\commons-collections-3.2.jar;D:\MavenRepository\repo\org\apache\maven\plugins\maven-surefire-plugin\2.17\maven-surefire-plugin-2.17.jar;D:\MavenRepository\repo\org\apache\maven\maven-plugin-api\2.0.9\maven-plugin-api-2.0.9.jar;D:\MavenRepository\repo\org\apache\maven\surefire\maven-surefire-common\2.17\maven-surefire-common-2.17.jar;D:\MavenRepository\repo\org\apache\maven\surefire\surefire-booter\2.17\surefire-booter-2.17.jar;D:\MavenRepository\repo\org\apache\maven\maven-artifact\2.0.9\maven-artifact-2.0.9.jar;D:\MavenRepository\repo\org\codehaus\plexus\plexus-utils\1.5.1\plexus-utils-1.5.1.jar;D:\MavenRepository\repo\org\apache\maven\maven-plugin-descriptor\2.0.9\maven-plugin-descriptor-2.0.9.jar;D:\MavenRepository\repo\org\codehaus\plexus\plexus-container-default\1.0-alpha-9-stable-1\plexus-container-default-1.0-alpha-9-stable-1.jar;D:\MavenRepository\repo\org\apache\maven\maven-project\2.0.9\maven-project-2.0.9.jar;D:\MavenRepository\repo\org\apache\maven\maven-settings\2.0.9\maven-settings-2.0.9.jar;D:\MavenRepository\repo\org\apache\maven\maven-profile\2.0.9\maven-profile-2.0.9.jar;D:\MavenRepository\repo\org\apache\maven\maven-artifact-manager\2.0.9\maven-artifact-manager-2.0.9.jar;D:\MavenRepository\repo\org\apache\maven\maven-plugin-registry\2.0.9\maven-plugin-registry-2.0.9.jar;D:\MavenRepository\repo\org\apache\maven\maven-model\2.0.9\maven-model-2.0.9.jar;D:\MavenRepository\repo\org\apache\maven\maven-core\2.0.9\maven-core-2.0.9.jar;D:\MavenRepository\repo\org\apache\maven\maven-plugin-parameter-documenter\2.0.9\maven-plugin-parameter-documenter-2.0.9.jar;D:\MavenRepository\repo\org\apache\maven\reporting\maven-reporting-api\2.0.9\maven-reporting-api-2.0.9.jar;D:\MavenRepository\repo\org\apache\maven\wagon\wagon-provider-api\1.0-beta-2\wagon-provider-api-1.0-beta-2.jar;D:\MavenRepository\repo\org\apache\maven\maven-repository-metadata\2.0.9\maven-repository-metadata-2.0.9.jar;D:\MavenRepository\repo\org\apache\maven\maven-error-diagnostics\2.0.9\maven-error-diagnostics-2.0.9.jar;D:\MavenRepository\repo\org\apache\maven\maven-monitor\2.0.9\maven-monitor-2.0.9.jar;D:\MavenRepository\repo\classworlds\classworlds\1.1\classworlds-1.1.jar;D:\MavenRepository\repo\org\apache\commons\commons-lang3\3.1\commons-lang3-3.1.jar;D:\MavenRepository\repo\org\apache\maven\surefire\surefire-api\2.17\surefire-api-2.17.jar;D:\MavenRepository\repo\org\apache\maven\maven-toolchain\2.0.9\maven-toolchain-2.0.9.jar;D:\MavenRepository\repo\org\apache\maven\plugin-tools\maven-plugin-annotations\3.2\maven-plugin-annotations-3.2.jar;"/>
    <property name="java.vm.specification.version" value="1.8"/>
    <property name="sun.arch.data.model" value="64"/>
    <property name="java.home" value="C:\Program Files\Java\jdk1.8.0_77\jre"/>
    <property name="sun.java.command" value="C:\Users\10919\Workspaces\MyEclipse Professional 2014\ssm\target\surefire\surefirebooter3381652421205005551.jar C:\Users\10919\Workspaces\MyEclipse Professional 2014\ssm\target\surefire\surefire459615977005282907tmp C:\Users\10919\Workspaces\MyEclipse Professional 2014\ssm\target\surefire\surefire4463096824336756891tmp"/>
    <property name="java.specification.vendor" value="Oracle Corporation"/>
    <property name="user.language" value="zh"/>
    <property name="awt.toolkit" value="sun.awt.windows.WToolkit"/>
    <property name="java.vm.info" value="mixed mode"/>
    <property name="java.version" value="1.8.0_77"/>
    <property name="java.ext.dirs" value="C:\Program Files\Java\jdk1.8.0_77\jre\lib\ext;C:\WINDOWS\Sun\Java\lib\ext"/>
    <property name="sun.boot.class.path" value="C:\Program Files\Java\jdk1.8.0_77\jre\lib\resources.jar;C:\Program Files\Java\jdk1.8.0_77\jre\lib\rt.jar;C:\Program Files\Java\jdk1.8.0_77\jre\lib\sunrsasign.jar;C:\Program Files\Java\jdk1.8.0_77\jre\lib\jsse.jar;C:\Program Files\Java\jdk1.8.0_77\jre\lib\jce.jar;C:\Program Files\Java\jdk1.8.0_77\jre\lib\charsets.jar;C:\Program Files\Java\jdk1.8.0_77\jre\lib\jfr.jar;C:\Program Files\Java\jdk1.8.0_77\jre\classes"/>
    <property name="java.vendor" value="Oracle Corporation"/>
    <property name="localRepository" value="D:\MavenRepository\repo"/>
    <property name="file.separator" value="\"/>
    <property name="java.vendor.url.bug" value="http://bugreport.sun.com/bugreport/"/>
    <property name="sun.cpu.endian" value="little"/>
    <property name="sun.io.unicode.encoding" value="UnicodeLittle"/>
    <property name="sun.desktop" value="windows"/>
    <property name="sun.cpu.isalist" value="amd64"/>
  </properties>
  <testcase classname="com.soecode.lyf.BaseTest" name="initializationError" time="0.009">
    <error message="No runnable methods" type="java.lang.Exception">java.lang.Exception: No runnable methods
	at org.junit.runners.BlockJUnit4ClassRunner.validateInstanceMethods(BlockJUnit4ClassRunner.java:169)
	at org.junit.runners.BlockJUnit4ClassRunner.collectInitializationErrors(BlockJUnit4ClassRunner.java:104)
	at org.junit.runners.ParentRunner.validate(ParentRunner.java:355)
	at org.junit.runners.ParentRunner.&lt;init&gt;(ParentRunner.java:76)
	at org.junit.runners.BlockJUnit4ClassRunner.&lt;init&gt;(BlockJUnit4ClassRunner.java:57)
	at org.springframework.test.context.junit4.SpringJUnit4ClassRunner.&lt;init&gt;(SpringJUnit4ClassRunner.java:111)
	at sun.reflect.NativeConstructorAccessorImpl.newInstance0(Native Method)
	at sun.reflect.NativeConstructorAccessorImpl.newInstance(NativeConstructorAccessorImpl.java:62)
	at sun.reflect.DelegatingConstructorAccessorImpl.newInstance(DelegatingConstructorAccessorImpl.java:45)
	at java.lang.reflect.Constructor.newInstance(Constructor.java:423)
	at org.junit.internal.builders.AnnotatedBuilder.buildRunner(AnnotatedBuilder.java:29)
	at org.junit.internal.builders.AnnotatedBuilder.runnerForClass(AnnotatedBuilder.java:21)
	at org.junit.runners.model.RunnerBuilder.safeRunnerForClass(RunnerBuilder.java:59)
	at org.junit.internal.builders.AllDefaultPossibilitiesBuilder.runnerForClass(AllDefaultPossibilitiesBuilder.java:26)
	at org.junit.runners.model.RunnerBuilder.safeRunnerForClass(RunnerBuilder.java:59)
	at org.junit.internal.requests.ClassRequest.getRunner(ClassRequest.java:26)
	at org.apache.maven.surefire.junit4.JUnit4TestSet.execute(JUnit4TestSet.java:33)
	at org.apache.maven.surefire.junit4.JUnit4Provider.executeTestSet(JUnit4Provider.java:115)
	at org.apache.maven.surefire.junit4.JUnit4Provider.invoke(JUnit4Provider.java:97)
	at sun.reflect.NativeMethodAccessorImpl.invoke0(Native Method)
	at sun.reflect.NativeMethodAccessorImpl.invoke(NativeMethodAccessorImpl.java:62)
	at sun.reflect.DelegatingMethodAccessorImpl.invoke(DelegatingMethodAccessorImpl.java:43)
	at java.lang.reflect.Method.invoke(Method.java:498)
	at org.apache.maven.surefire.booter.ProviderFactory$ClassLoaderProxy.invoke(ProviderFactory.java:103)
	at com.sun.proxy.$Proxy0.invoke(Unknown Source)
	at org.apache.maven.surefire.booter.SurefireStarter.invokeProvider(SurefireStarter.java:150)
	at org.apache.maven.surefire.booter.SurefireStarter.runSuitesInProcess(SurefireStarter.java:91)
	at org.apache.maven.surefire.booter.ForkedBooter.main(ForkedBooter.java:69)
</error>
    <system-out>@HL
@HL-------------------------------------------------------
@HL T E S T S
@HL-------------------------------------------------------
@SLRunning com.soecode.lyf.BaseTest
</system-out>
  </testcase>
</testsuite>